<?xml version="1.0" encoding="UTF-8" ?>
<testsuite tests="10" failures="0" name="com.todomvc.testRunner.TestRunner" time="28.374" errors="0" skipped="0">
  <properties>
[...]
</properties>
  <testcase classname="In order to remember the things I want to do as a todoMVC user I want to manage my todo list" name="Create a list of multiple todo items and verify active list" time="4.915"/>
  <testcase classname="In order to remember the things I want to do as a todoMVC user I want to manage my todo list" name="Create a list of 3 todo items and then remove 2 and validate only 1 item is left in the list" time="4.728"/>
  <testcase classname="In order to remember the things I want to do as a todoMVC user I want to manage my todo list" name="Create a list of 3 todo items and mark them all completed 1 by 1 and verify completed list" time="3.585"/>
  <testcase classname="In order to remember the things I want to do as a todoMVC user I want to manage my todo list" name="Create a list of 3 todo items and mark 1 of them completed and clear completed" time="3.503"/>
  <testcase classname="In order to remember the things I want to do as a todoMVC user I want to manage my todo list" name="Create a list of 3 todo items and mark all of them completed and clear completed" time="3.4"/>
  <testcase classname="In order to remember the things I want to do as a todoMVC user I want to manage my todo list" name="Create a list of 3 todo items and mark all of them completed and mark them active again" time="4.448"/>
  <testcase classname="In order to remember the things I want to do as a todoMVC user I want to manage my todo list" name="Create a list of 3 todo items and mark 2 of them completed and mark 1 of them active again" time="3.78"/>
  <testcase classname="In order to remember the things I want to do as a todoMVC user I want to manage my todo list" name="Verify Completed filter" time="0.006"/>
  <testcase classname="In order to remember the things I want to do as a todoMVC user I want to manage my todo list" name="Verify Active filter" time="0.005"/>
  <testcase classname="In order to remember the things I want to do as a todoMVC user I want to manage my todo list" name="Verify maximum number of items that can be added to the todo list" time="0.004"/>
</testsuite>